[2024-10-16 08:35:26] local.ERROR: Undefined array key 1 {"exception":"[object] (ErrorException(code: 0): Undefined array key 1 at C:\\xampp\\htdocs\\Pemrograman-Backend\\Pertemuan_4\\Praktikum_4\\backend-app\\vendor\\laravel\\framework\\src\\Illuminate\\Foundation\\Console\\ServeCommand.php:368)
[stacktrace]
#0 C:\\xampp\\htdocs\\Pemrograman-Backend\\Pertemuan_4\\Praktikum_4\\backend-app\\vendor\\laravel\\framework\\src\\Illuminate\\Foundation\\Bootstrap\\HandleExceptions.php(256): Illuminate\\Foundation\\Bootstrap\\HandleExceptions->handleError(2, 'Undefined array...', 'C:\\\\xampp\\\\htdocs...', 368)
#1 C:\\xampp\\htdocs\\Pemrograman-Backend\\Pertemuan_4\\Praktikum_4\\backend-app\\vendor\\laravel\\framework\\src\\Illuminate\\Foundation\\Console\\ServeCommand.php(368): Illuminate\\Foundation\\Bootstrap\\HandleExceptions->Illuminate\\Foundation\\Bootstrap\\{closure}(2, 'Undefined array...', 'C:\\\\xampp\\\\htdocs...', 368)
#2 C:\\xampp\\htdocs\\Pemrograman-Backend\\Pertemuan_4\\Praktikum_4\\backend-app\\vendor\\laravel\\framework\\src\\Illuminate\\Foundation\\Console\\ServeCommand.php(297): Illuminate\\Foundation\\Console\\ServeCommand->getDateFromLine('[Wed Oct 16 15:...')
#3 C:\\xampp\\htdocs\\Pemrograman-Backend\\Pertemuan_4\\Praktikum_4\\backend-app\\vendor\\laravel\\framework\\src\\Illuminate\\Collections\\Traits\\EnumeratesValues.php(257): Illuminate\\Foundation\\Console\\ServeCommand->Illuminate\\Foundation\\Console\\{closure}('[Wed Oct 16 15:...', 0)
#4 C:\\xampp\\htdocs\\Pemrograman-Backend\\Pertemuan_4\\Praktikum_4\\backend-app\\vendor\\laravel\\framework\\src\\Illuminate\\Foundation\\Console\\ServeCommand.php(279): Illuminate\\Support\\Collection->each(Object(Closure))
#5 C:\\xampp\\htdocs\\Pemrograman-Backend\\Pertemuan_4\\Praktikum_4\\backend-app\\vendor\\laravel\\framework\\src\\Illuminate\\Foundation\\Console\\ServeCommand.php(261): Illuminate\\Foundation\\Console\\ServeCommand->flushOutputBuffer()
#6 C:\\xampp\\htdocs\\Pemrograman-Backend\\Pertemuan_4\\Praktikum_4\\backend-app\\vendor\\symfony\\process\\Process.php(1311): Illuminate\\Foundation\\Console\\ServeCommand->Illuminate\\Foundation\\Console\\{closure}('err', '[Wed Oct 16 15:...')
#7 C:\\xampp\\htdocs\\Pemrograman-Backend\\Pertemuan_4\\Praktikum_4\\backend-app\\vendor\\symfony\\process\\Process.php(1422): Symfony\\Component\\Process\\Process->Symfony\\Component\\Process\\{closure}('err', '[Wed Oct 16 15:...')
#8 C:\\xampp\\htdocs\\Pemrograman-Backend\\Pertemuan_4\\Praktikum_4\\backend-app\\vendor\\symfony\\process\\Process.php(1342): Symfony\\Component\\Process\\Process->readPipes(false, false)
#9 C:\\xampp\\htdocs\\Pemrograman-Backend\\Pertemuan_4\\Praktikum_4\\backend-app\\vendor\\symfony\\process\\Process.php(865): Symfony\\Component\\Process\\Process->updateStatus(false)
#10 C:\\xampp\\htdocs\\Pemrograman-Backend\\Pertemuan_4\\Praktikum_4\\backend-app\\vendor\\laravel\\framework\\src\\Illuminate\\Foundation\\Console\\ServeCommand.php(105): Symfony\\Component\\Process\\Process->isRunning()
#11 C:\\xampp\\htdocs\\Pemrograman-Backend\\Pertemuan_4\\Praktikum_4\\backend-app\\vendor\\laravel\\framework\\src\\Illuminate\\Container\\BoundMethod.php(36): Illuminate\\Foundation\\Console\\ServeCommand->handle()
#12 C:\\xampp\\htdocs\\Pemrograman-Backend\\Pertemuan_4\\Praktikum_4\\backend-app\\vendor\\laravel\\framework\\src\\Illuminate\\Container\\Util.php(43): Illuminate\\Container\\BoundMethod::Illuminate\\Container\\{closure}()
#13 C:\\xampp\\htdocs\\Pemrograman-Backend\\Pertemuan_4\\Praktikum_4\\backend-app\\vendor\\laravel\\framework\\src\\Illuminate\\Container\\BoundMethod.php(95): Illuminate\\Container\\Util::unwrapIfClosure(Object(Closure))
#14 C:\\xampp\\htdocs\\Pemrograman-Backend\\Pertemuan_4\\Praktikum_4\\backend-app\\vendor\\laravel\\framework\\src\\Illuminate\\Container\\BoundMethod.php(35): Illuminate\\Container\\BoundMethod::callBoundMethod(Object(Illuminate\\Foundation\\Application), Array, Object(Closure))
#15 C:\\xampp\\htdocs\\Pemrograman-Backend\\Pertemuan_4\\Praktikum_4\\backend-app\\vendor\\laravel\\framework\\src\\Illuminate\\Container\\Container.php(690): Illuminate\\Container\\BoundMethod::call(Object(Illuminate\\Foundation\\Application), Array, Array, NULL)
#16 C:\\xampp\\htdocs\\Pemrograman-Backend\\Pertemuan_4\\Praktikum_4\\backend-app\\vendor\\laravel\\framework\\src\\Illuminate\\Console\\Command.php(213): Illuminate\\Container\\Container->call(Array)
#17 C:\\xampp\\htdocs\\Pemrograman-Backend\\Pertemuan_4\\Praktikum_4\\backend-app\\vendor\\symfony\\console\\Command\\Command.php(279): Illuminate\\Console\\Command->execute(Object(Symfony\\Component\\Console\\Input\\ArgvInput), Object(Illuminate\\Console\\OutputStyle))
#18 C:\\xampp\\htdocs\\Pemrograman-Backend\\Pertemuan_4\\Praktikum_4\\backend-app\\vendor\\laravel\\framework\\src\\Illuminate\\Console\\Command.php(182): Symfony\\Component\\Console\\Command\\Command->run(Object(Symfony\\Component\\Console\\Input\\ArgvInput), Object(Illuminate\\Console\\OutputStyle))
#19 C:\\xampp\\htdocs\\Pemrograman-Backend\\Pertemuan_4\\Praktikum_4\\backend-app\\vendor\\symfony\\console\\Application.php(1047): Illuminate\\Console\\Command->run(Object(Symfony\\Component\\Console\\Input\\ArgvInput), Object(Symfony\\Component\\Console\\Output\\ConsoleOutput))
#20 C:\\xampp\\htdocs\\Pemrograman-Backend\\Pertemuan_4\\Praktikum_4\\backend-app\\vendor\\symfony\\console\\Application.php(316): Symfony\\Component\\Console\\Application->doRunCommand(Object(Illuminate\\Foundation\\Console\\ServeCommand), Object(Symfony\\Component\\Console\\Input\\ArgvInput), Object(Symfony\\Component\\Console\\Output\\ConsoleOutput))
#21 C:\\xampp\\htdocs\\Pemrograman-Backend\\Pertemuan_4\\Praktikum_4\\backend-app\\vendor\\symfony\\console\\Application.php(167): Symfony\\Component\\Console\\Application->doRun(Object(Symfony\\Component\\Console\\Input\\ArgvInput), Object(Symfony\\Component\\Console\\Output\\ConsoleOutput))
#22 C:\\xampp\\htdocs\\Pemrograman-Backend\\Pertemuan_4\\Praktikum_4\\backend-app\\vendor\\laravel\\framework\\src\\Illuminate\\Foundation\\Console\\Kernel.php(197): Symfony\\Component\\Console\\Application->run(Object(Symfony\\Component\\Console\\Input\\ArgvInput), Object(Symfony\\Component\\Console\\Output\\ConsoleOutput))
#23 C:\\xampp\\htdocs\\Pemrograman-Backend\\Pertemuan_4\\Praktikum_4\\backend-app\\vendor\\laravel\\framework\\src\\Illuminate\\Foundation\\Application.php(1203): Illuminate\\Foundation\\Console\\Kernel->handle(Object(Symfony\\Component\\Console\\Input\\ArgvInput), Object(Symfony\\Component\\Console\\Output\\ConsoleOutput))
#24 C:\\xampp\\htdocs\\Pemrograman-Backend\\Pertemuan_4\\Praktikum_4\\backend-app\\artisan(13): Illuminate\\Foundation\\Application->handleCommand(Object(Symfony\\Component\\Console\\Input\\ArgvInput))
#25 {main}
"} 
